<?xml version="1.0" encoding="UTF-8" ?>
<testsuite tests="10" failures="0" name="org.example.ApplicationTest" time="2.68" errors="0" skipped="0">
  <properties>
[...]
</properties>
  <testcase classname="org.example.ApplicationTest" name="testRegisterTrainee" time="0.036"/>
  <testcase classname="org.example.ApplicationTest" name="testValidate" time="2.494"/>
  <testcase classname="org.example.ApplicationTest" name="testValidate2" time="0.054"/>
  <testcase classname="org.example.ApplicationTest" name="testValidate3" time="0.035"/>
  <testcase classname="org.example.ApplicationTest" name="testValidate4" time="0.06"/>
  <testcase classname="org.example.ApplicationTest" name="testRegisterTrainee2" time="0"/>
  <testcase classname="org.example.ApplicationTest" name="testFindByName1" time="0"/>
  <testcase classname="org.example.ApplicationTest" name="testFindByName2" time="0"/>
  <testcase classname="org.example.ApplicationTest" name="testFindByName3" time="0"/>
  <testcase classname="org.example.ApplicationTest" name="testDeleteTrainee" time="0.001"/>
</testsuite>